cat: /etc/alterator: Это каталог
cat: /etc/alternatives: Это каталог
cat: /etc/apt: Это каталог
cat: /etc/audit: Это каталог
cat: /etc/bash_completion.d: Это каталог
cat: /etc/bashrc.d: Это каталог
cat: /etc/bind: Это каталог
cat: /etc/binfmt.d: Это каталог
cat: /etc/buildreqs: Это каталог
cat: /etc/cgconfig.d: Это каталог
cat: /etc/chroot.d: Это каталог
cat: /etc/control.d: Это каталог
cat: /etc/credstore: Это каталог
cat: /etc/credstore.encrypted: Это каталог
cat: /etc/cron.d: Это каталог
cat: /etc/cron.daily: Это каталог
cat: /etc/cron.hourly: Это каталог
cat: /etc/cron.monthly: Это каталог
cat: /etc/cron.weekly: Это каталог
cat: /etc/dbus-1: Это каталог
cat: /etc/dconf: Это каталог
cat: /etc/default: Это каталог
cat: /etc/depmod.d: Это каталог
cat: /etc/firsttime.d: Это каталог
cat: /etc/gnupg: Это каталог
cat: /etc/groff: Это каталог
cat: /etc/grub.d: Это каталог
cat: /etc/gss: Это каталог
cat: /etc/haproxy: Это каталог
cat: /etc/hooks: Это каталог
cat: /etc/init.d: Это каталог
cat: /etc/initrd.mk.d: Это каталог
cat: /etc/iproute2: Это каталог
cat: /etc/issue.d: Это каталог
cat: /etc/kernel: Это каталог
cat: /etc/keys: Это каталог
cat: /etc/krb5.conf.d: Это каталог
cat: /etc/ld.so.conf.d: Это каталог
cat: /etc/local-policy: Это каталог
cat: /etc/local-policy-system: Это каталог
cat: /etc/logrotate.d: Это каталог
cat: /etc/lvm: Это каталог
cat: /etc/mc: Это каталог
cat: /etc/modprobe.d: Это каталог
cat: /etc/modules-load.d: Это каталог
cat: /etc/multipath: Это каталог
cat: /etc/net: Это каталог
cat: /etc/NetworkManager: Это каталог
cat: /etc/nftables: Это каталог
cat: /etc/nginx: Это каталог
cat: /etc/openldap: Это каталог
cat: /etc/openssh: Это каталог
cat: /etc/openssl: Это каталог
cat: /etc/opt: Это каталог
cat: /etc/osec: Это каталог
cat: /etc/pam.d: Это каталог
cat: /etc/perl5: Это каталог
cat: /etc/pkcs11: Это каталог
cat: /etc/pki: Это каталог
cat: /etc/polkit-1: Это каталог
cat: /etc/postfix: Это каталог
cat: /etc/ppp: Это каталог
cat: /etc/profile.d: Это каталог
cat: /etc/rc0.d: Это каталог
cat: /etc/rc1.d: Это каталог
cat: /etc/rc2.d: Это каталог
cat: /etc/rc3.d: Это каталог
cat: /etc/rc4.d: Это каталог
cat: /etc/rc5.d: Это каталог
cat: /etc/rc6.d: Это каталог
cat: /etc/rc.d: Это каталог
cat: /etc/request-key.d: Это каталог
cat: /etc/role.d: Это каталог
cat: /etc/rpm: Это каталог
cat: /etc/sasl2: Это каталог
cat: /etc/security: Это каталог
cat: /etc/selinux: Это каталог
cat: /etc/sensors.d: Это каталог
cat: /etc/sgml: Это каталог
cat: /etc/shadow-maint: Это каталог
cat: /etc/skel: Это каталог
cat: /etc/skel.be_BY.CP1251: Это каталог
cat: /etc/skel.de_DE: Это каталог
cat: /etc/skel.de_DE@euro: Это каталог
cat: /etc/skel.fr_FR: Это каталог
cat: /etc/skel.fr_FR@euro: Это каталог
cat: /etc/skel.ru_RU.CP1251: Это каталог
cat: /etc/skel.ru_RU.KOI8-R: Это каталог
cat: /etc/skel.uk_UA.CP1251: Это каталог
cat: /etc/skel.uk_UA.KOI8-U: Это каталог
cat: /etc/sudoers.d: Это каталог
cat: /etc/sysconfig: Это каталог
cat: /etc/sysctl.d: Это каталог
cat: /etc/syslog.d: Это каталог
cat: /etc/systemd: Это каталог
cat: /etc/tcb: Это каталог
cat: /etc/tmpfiles.d: Это каталог
cat: /etc/udev: Это каталог
cat: /etc/urlview: Это каталог
cat: /etc/vim: Это каталог
cat: /etc/X11: Это каталог
cat: /etc/xdg: Это каталог
cat: /etc/xml: Это каталог
